# JRE version: OpenJDK Runtime Environment Temurin-21.0.9+10 (21.0.9+10) (build 21.0.9+10-LTS)
# Java VM: OpenJDK 64-Bit Server VM Temurin-21.0.9+10 (21.0.9+10-LTS, mixed mode, sharing, tiered, compressed oops, compressed class ptrs, parallel gc, windows-amd64)
GC Precious Log:
 CardTable entry size: 512
 CPUs: 12 total, 12 available
 Memory: 5996M
 Large Page Support: Disabled
 NUMA Support: Disabled
 Compressed Oops: Enabled (32-bit)
 Alignments: Space 512K, Generation 512K, Heap 2M
 Heap Min Capacity: 100M
 Heap Initial Capacity: 100M
 Heap Max Capacity: 2G
 Pre-touch: Disabled
 Parallel Workers: 10
Heap:
 PSYoungGen      total 19968K, used 10025K [0x00000000d5580000, 0x00000000d6e00000, 0x0000000100000000)
  eden space 18944K, 47% used [0x00000000d5580000,0x00000000d5e524b0,0x00000000d6800000)
  from space 1024K, 96% used [0x00000000d6880000,0x00000000d6978020,0x00000000d6980000)
  to   space 3072K, 0% used [0x00000000d6b00000,0x00000000d6b00000,0x00000000d6e00000)
 ParOldGen       total 73728K, used 73366K [0x0000000080000000, 0x0000000084800000, 0x00000000d5580000)
  object space 73728K, 99% used [0x0000000080000000,0x00000000847a5888,0x0000000084800000)
 Metaspace       used 64028K, committed 65472K, reserved 1114112K
  class space    used 6706K, committed 7296K, reserved 1048576K
GC Heap History (20 events):
Event: 37.027 GC heap before
{Heap before GC invocations=57 (full 3):
 PSYoungGen      total 20992K, used 20496K [0x00000000d5580000, 0x00000000d6c80000, 0x0000000100000000)
  eden space 19456K, 100% used [0x00000000d5580000,0x00000000d6880000,0x00000000d6880000)
  from space 1536K, 67% used [0x00000000d6a00000,0x00000000d6b04010,0x00000000d6b80000)
  to   space 1024K, 0% used [0x00000000d6b80000,0x00000000d6b80000,0x00000000d6c80000)
 ParOldGen       total 68608K, used 60024K [0x0000000080000000, 0x0000000084300000, 0x00000000d5580000)
  object space 68608K, 87% used [0x0000000080000000,0x0000000083a9e3e8,0x0000000084300000)
 Metaspace       used 59955K, committed 61376K, reserved 1114112K
  class space    used 6404K, committed 7040K, reserved 1048576K
}
Event: 37.031 GC heap after
{Heap after GC invocations=57 (full 3):
 PSYoungGen      total 19968K, used 995K [0x00000000d5580000, 0x00000000d6f80000, 0x0000000100000000)
  eden space 18944K, 0% used [0x00000000d5580000,0x00000000d5580000,0x00000000d6800000)
  from space 1024K, 97% used [0x00000000d6b80000,0x00000000d6c78db0,0x00000000d6c80000)
  to   space 3584K, 0% used [0x00000000d6800000,0x00000000d6800000,0x00000000d6b80000)
 ParOldGen       total 68608K, used 61937K [0x0000000080000000, 0x0000000084300000, 0x00000000d5580000)
  object space 68608K, 90% used [0x0000000080000000,0x0000000083c7c6e0,0x0000000084300000)
 Metaspace       used 59955K, committed 61376K, reserved 1114112K
  class space    used 6404K, committed 7040K, reserved 1048576K
}
Event: 37.437 GC heap before
{Heap before GC invocations=58 (full 3):
 PSYoungGen      total 19968K, used 19939K [0x00000000d5580000, 0x00000000d6f80000, 0x0000000100000000)
  eden space 18944K, 100% used [0x00000000d5580000,0x00000000d6800000,0x00000000d6800000)
  from space 1024K, 97% used [0x00000000d6b80000,0x00000000d6c78db0,0x00000000d6c80000)
  to   space 3584K, 0% used [0x00000000d6800000,0x00000000d6800000,0x00000000d6b80000)
 ParOldGen       total 68608K, used 61937K [0x0000000080000000, 0x0000000084300000, 0x00000000d5580000)
  object space 68608K, 90% used [0x0000000080000000,0x0000000083c7c6e0,0x0000000084300000)
 Metaspace       used 60858K, committed 62272K, reserved 1114112K
  class space    used 6493K, committed 7104K, reserved 1048576K
}
Event: 37.442 GC heap after
{Heap after GC invocations=58 (full 3):
 PSYoungGen      total 22016K, used 2871K [0x00000000d5580000, 0x00000000d6e00000, 0x0000000100000000)
  eden space 18944K, 0% used [0x00000000d5580000,0x00000000d5580000,0x00000000d6800000)
  from space 3072K, 93% used [0x00000000d6800000,0x00000000d6acdc58,0x00000000d6b00000)
  to   space 3072K, 0% used [0x00000000d6b00000,0x00000000d6b00000,0x00000000d6e00000)
 ParOldGen       total 68608K, used 62916K [0x0000000080000000, 0x0000000084300000, 0x00000000d5580000)
  object space 68608K, 91% used [0x0000000080000000,0x0000000083d71390,0x0000000084300000)
 Metaspace       used 60858K, committed 62272K, reserved 1114112K
  class space    used 6493K, committed 7104K, reserved 1048576K
}
Event: 37.549 GC heap before
{Heap before GC invocations=59 (full 3):
 PSYoungGen      total 22016K, used 21815K [0x00000000d5580000, 0x00000000d6e00000, 0x0000000100000000)
  eden space 18944K, 99% used [0x00000000d5580000,0x00000000d67fffe0,0x00000000d6800000)
  from space 3072K, 93% used [0x00000000d6800000,0x00000000d6acdc58,0x00000000d6b00000)
  to   space 3072K, 0% used [0x00000000d6b00000,0x00000000d6b00000,0x00000000d6e00000)
 ParOldGen       total 68608K, used 62916K [0x0000000080000000, 0x0000000084300000, 0x00000000d5580000)
  object space 68608K, 91% used [0x0000000080000000,0x0000000083d71390,0x0000000084300000)
 Metaspace       used 61003K, committed 62400K, reserved 1114112K
  class space    used 6493K, committed 7104K, reserved 1048576K
}
Event: 37.553 GC heap after
{Heap after GC invocations=59 (full 3):
 PSYoungGen      total 20480K, used 1376K [0x00000000d5580000, 0x00000000d6c80000, 0x0000000100000000)
  eden space 18944K, 0% used [0x00000000d5580000,0x00000000d5580000,0x00000000d6800000)
  from space 1536K, 89% used [0x00000000d6b00000,0x00000000d6c58020,0x00000000d6c80000)
  to   space 2048K, 0% used [0x00000000d6880000,0x00000000d6880000,0x00000000d6a80000)
 ParOldGen       total 68608K, used 65200K [0x0000000080000000, 0x0000000084300000, 0x00000000d5580000)
  object space 68608K, 95% used [0x0000000080000000,0x0000000083fac350,0x0000000084300000)
 Metaspace       used 61003K, committed 62400K, reserved 1114112K
  class space    used 6493K, committed 7104K, reserved 1048576K
}
Event: 37.852 GC heap before
{Heap before GC invocations=60 (full 3):
 PSYoungGen      total 20480K, used 20320K [0x00000000d5580000, 0x00000000d6c80000, 0x0000000100000000)
  eden space 18944K, 100% used [0x00000000d5580000,0x00000000d6800000,0x00000000d6800000)
  from space 1536K, 89% used [0x00000000d6b00000,0x00000000d6c58020,0x00000000d6c80000)
  to   space 2048K, 0% used [0x00000000d6880000,0x00000000d6880000,0x00000000d6a80000)
 ParOldGen       total 68608K, used 65200K [0x0000000080000000, 0x0000000084300000, 0x00000000d5580000)
  object space 68608K, 95% used [0x0000000080000000,0x0000000083fac350,0x0000000084300000)
 Metaspace       used 61332K, committed 62720K, reserved 1114112K
  class space    used 6498K, committed 7104K, reserved 1048576K
}
Event: 37.856 GC heap after
{Heap after GC invocations=60 (full 3):
 PSYoungGen      total 20992K, used 1856K [0x00000000d5580000, 0x00000000d6c00000, 0x0000000100000000)
  eden space 18944K, 0% used [0x00000000d5580000,0x00000000d5580000,0x00000000d6800000)
  from space 2048K, 90% used [0x00000000d6880000,0x00000000d6a50000,0x00000000d6a80000)
  to   space 1536K, 0% used [0x00000000d6a80000,0x00000000d6a80000,0x00000000d6c00000)
 ParOldGen       total 68608K, used 66477K [0x0000000080000000, 0x0000000084300000, 0x00000000d5580000)
  object space 68608K, 96% used [0x0000000080000000,0x00000000840eb420,0x0000000084300000)
 Metaspace       used 61332K, committed 62720K, reserved 1114112K
  class space    used 6498K, committed 7104K, reserved 1048576K
}
Event: 38.204 GC heap before
{Heap before GC invocations=61 (full 3):
 PSYoungGen      total 20992K, used 20800K [0x00000000d5580000, 0x00000000d6c00000, 0x0000000100000000)
  eden space 18944K, 100% used [0x00000000d5580000,0x00000000d6800000,0x00000000d6800000)
  from space 2048K, 90% used [0x00000000d6880000,0x00000000d6a50000,0x00000000d6a80000)
  to   space 1536K, 0% used [0x00000000d6a80000,0x00000000d6a80000,0x00000000d6c00000)
 ParOldGen       total 68608K, used 66477K [0x0000000080000000, 0x0000000084300000, 0x00000000d5580000)
  object space 68608K, 96% used [0x0000000080000000,0x00000000840eb420,0x0000000084300000)
 Metaspace       used 61684K, committed 63168K, reserved 1114112K
  class space    used 6548K, committed 7168K, reserved 1048576K
}
Event: 38.209 GC heap after
{Heap after GC invocations=61 (full 3):
 PSYoungGen      total 20480K, used 1472K [0x00000000d5580000, 0x00000000d6c00000, 0x0000000100000000)
  eden space 18944K, 0% used [0x00000000d5580000,0x00000000d5580000,0x00000000d6800000)
  from space 1536K, 95% used [0x00000000d6a80000,0x00000000d6bf0000,0x00000000d6c00000)
  to   space 2048K, 0% used [0x00000000d6800000,0x00000000d6800000,0x00000000d6a00000)
 ParOldGen       total 68608K, used 68032K [0x0000000080000000, 0x0000000084300000, 0x00000000d5580000)
  object space 68608K, 99% used [0x0000000080000000,0x0000000084270300,0x0000000084300000)
 Metaspace       used 61684K, committed 63168K, reserved 1114112K
  class space    used 6548K, committed 7168K, reserved 1048576K
}
Event: 39.675 GC heap before
{Heap before GC invocations=62 (full 3):
 PSYoungGen      total 20480K, used 20416K [0x00000000d5580000, 0x00000000d6c00000, 0x0000000100000000)
  eden space 18944K, 100% used [0x00000000d5580000,0x00000000d6800000,0x00000000d6800000)
  from space 1536K, 95% used [0x00000000d6a80000,0x00000000d6bf0000,0x00000000d6c00000)
  to   space 2048K, 0% used [0x00000000d6800000,0x00000000d6800000,0x00000000d6a00000)
 ParOldGen       total 68608K, used 68032K [0x0000000080000000, 0x0000000084300000, 0x00000000d5580000)
  object space 68608K, 99% used [0x0000000080000000,0x0000000084270300,0x0000000084300000)
 Metaspace       used 61801K, committed 63232K, reserved 1114112K
  class space    used 6550K, committed 7168K, reserved 1048576K
}
Event: 40.683 GC heap after
{Heap after GC invocations=62 (full 3):
 PSYoungGen      total 20480K, used 1408K [0x00000000d5580000, 0x00000000d6b00000, 0x0000000100000000)
  eden space 18944K, 0% used [0x00000000d5580000,0x00000000d5580000,0x00000000d6800000)
  from space 1536K, 91% used [0x00000000d6800000,0x00000000d6960000,0x00000000d6980000)
  to   space 1536K, 0% used [0x00000000d6980000,0x00000000d6980000,0x00000000d6b00000)
 ParOldGen       total 69632K, used 69341K [0x0000000080000000, 0x0000000084400000, 0x00000000d5580000)
  object space 69632K, 99% used [0x0000000080000000,0x00000000843b77a8,0x0000000084400000)
 Metaspace       used 61801K, committed 63232K, reserved 1114112K
  class space    used 6550K, committed 7168K, reserved 1048576K
}
Event: 41.432 GC heap before
{Heap before GC invocations=63 (full 3):
 PSYoungGen      total 20480K, used 20352K [0x00000000d5580000, 0x00000000d6b00000, 0x0000000100000000)
  eden space 18944K, 100% used [0x00000000d5580000,0x00000000d6800000,0x00000000d6800000)
  from space 1536K, 91% used [0x00000000d6800000,0x00000000d6960000,0x00000000d6980000)
  to   space 1536K, 0% used [0x00000000d6980000,0x00000000d6980000,0x00000000d6b00000)
 ParOldGen       total 69632K, used 69341K [0x0000000080000000, 0x0000000084400000, 0x00000000d5580000)
  object space 69632K, 99% used [0x0000000080000000,0x00000000843b77a8,0x0000000084400000)
 Metaspace       used 62048K, committed 63488K, reserved 1114112K
  class space    used 6552K, committed 7168K, reserved 1048576K
}
Event: 41.436 GC heap after
{Heap after GC invocations=63 (full 3):
 PSYoungGen      total 20480K, used 1344K [0x00000000d5580000, 0x00000000d6b00000, 0x0000000100000000)
  eden space 18944K, 0% used [0x00000000d5580000,0x00000000d5580000,0x00000000d6800000)
  from space 1536K, 87% used [0x00000000d6980000,0x00000000d6ad0000,0x00000000d6b00000)
  to   space 1536K, 0% used [0x00000000d6800000,0x00000000d6800000,0x00000000d6980000)
 ParOldGen       total 70656K, used 70389K [0x0000000080000000, 0x0000000084500000, 0x00000000d5580000)
  object space 70656K, 99% used [0x0000000080000000,0x00000000844bd7a8,0x0000000084500000)
 Metaspace       used 62048K, committed 63488K, reserved 1114112K
  class space    used 6552K, committed 7168K, reserved 1048576K
}
Event: 42.157 GC heap before
{Heap before GC invocations=64 (full 3):
 PSYoungGen      total 20480K, used 20288K [0x00000000d5580000, 0x00000000d6b00000, 0x0000000100000000)
  eden space 18944K, 100% used [0x00000000d5580000,0x00000000d6800000,0x00000000d6800000)
  from space 1536K, 87% used [0x00000000d6980000,0x00000000d6ad0000,0x00000000d6b00000)
  to   space 1536K, 0% used [0x00000000d6800000,0x00000000d6800000,0x00000000d6980000)
 ParOldGen       total 70656K, used 70389K [0x0000000080000000, 0x0000000084500000, 0x00000000d5580000)
  object space 70656K, 99% used [0x0000000080000000,0x00000000844bd7a8,0x0000000084500000)
 Metaspace       used 62497K, committed 64000K, reserved 1114112K
  class space    used 6590K, committed 7232K, reserved 1048576K
}
Event: 42.161 GC heap after
{Heap after GC invocations=64 (full 3):
 PSYoungGen      total 20480K, used 864K [0x00000000d5580000, 0x00000000d6b00000, 0x0000000100000000)
  eden space 18944K, 0% used [0x00000000d5580000,0x00000000d5580000,0x00000000d6800000)
  from space 1536K, 56% used [0x00000000d6800000,0x00000000d68d8020,0x00000000d6980000)
  to   space 1536K, 0% used [0x00000000d6980000,0x00000000d6980000,0x00000000d6b00000)
 ParOldGen       total 71168K, used 71125K [0x0000000080000000, 0x0000000084580000, 0x00000000d5580000)
  object space 71168K, 99% used [0x0000000080000000,0x00000000845757a8,0x0000000084580000)
 Metaspace       used 62497K, committed 64000K, reserved 1114112K
  class space    used 6590K, committed 7232K, reserved 1048576K
}
Event: 43.993 GC heap before
{Heap before GC invocations=65 (full 3):
 PSYoungGen      total 20480K, used 19808K [0x00000000d5580000, 0x00000000d6b00000, 0x0000000100000000)
  eden space 18944K, 100% used [0x00000000d5580000,0x00000000d6800000,0x00000000d6800000)
  from space 1536K, 56% used [0x00000000d6800000,0x00000000d68d8020,0x00000000d6980000)
  to   space 1536K, 0% used [0x00000000d6980000,0x00000000d6980000,0x00000000d6b00000)
 ParOldGen       total 71168K, used 71125K [0x0000000080000000, 0x0000000084580000, 0x00000000d5580000)
  object space 71168K, 99% used [0x0000000080000000,0x00000000845757a8,0x0000000084580000)
 Metaspace       used 63099K, committed 64512K, reserved 1114112K
  class space    used 6647K, committed 7232K, reserved 1048576K
}
Event: 43.994 GC heap after
{Heap after GC invocations=65 (full 3):
 PSYoungGen      total 19968K, used 948K [0x00000000d5580000, 0x00000000d6a80000, 0x0000000100000000)
  eden space 18944K, 0% used [0x00000000d5580000,0x00000000d5580000,0x00000000d6800000)
  from space 1024K, 92% used [0x00000000d6980000,0x00000000d6a6d220,0x00000000d6a80000)
  to   space 1024K, 0% used [0x00000000d6880000,0x00000000d6880000,0x00000000d6980000)
 ParOldGen       total 72192K, used 71725K [0x0000000080000000, 0x0000000084680000, 0x00000000d5580000)
  object space 72192K, 99% used [0x0000000080000000,0x000000008460b7c8,0x0000000084680000)
 Metaspace       used 63099K, committed 64512K, reserved 1114112K
  class space    used 6647K, committed 7232K, reserved 1048576K
}
Event: 44.227 GC heap before
{Heap before GC invocations=66 (full 3):
 PSYoungGen      total 19968K, used 19892K [0x00000000d5580000, 0x00000000d6a80000, 0x0000000100000000)
  eden space 18944K, 100% used [0x00000000d5580000,0x00000000d6800000,0x00000000d6800000)
  from space 1024K, 92% used [0x00000000d6980000,0x00000000d6a6d220,0x00000000d6a80000)
  to   space 1024K, 0% used [0x00000000d6880000,0x00000000d6880000,0x00000000d6980000)
 ParOldGen       total 72192K, used 71725K [0x0000000080000000, 0x0000000084680000, 0x00000000d5580000)
  object space 72192K, 99% used [0x0000000080000000,0x000000008460b7c8,0x0000000084680000)
 Metaspace       used 63202K, committed 64640K, reserved 1114112K
  class space    used 6652K, committed 7232K, reserved 1048576K
}
Event: 45.235 GC heap after
{Heap after GC invocations=66 (full 3):
 PSYoungGen      total 19968K, used 992K [0x00000000d5580000, 0x00000000d6e00000, 0x0000000100000000)
  eden space 18944K, 0% used [0x00000000d5580000,0x00000000d5580000,0x00000000d6800000)
  from space 1024K, 96% used [0x00000000d6880000,0x00000000d6978020,0x00000000d6980000)
  to   space 3072K, 0% used [0x00000000d6b00000,0x00000000d6b00000,0x00000000d6e00000)
 ParOldGen       total 73728K, used 73366K [0x0000000080000000, 0x0000000084800000, 0x00000000d5580000)
  object space 73728K, 99% used [0x0000000080000000,0x00000000847a5888,0x0000000084800000)
 Metaspace       used 63202K, committed 64640K, reserved 1114112K
  class space    used 6652K, committed 7232K, reserved 1048576K
}

